04192022 19:21:26 : Starting work
LV2Client -> starting
LV2Client -> parsing arguments
LV2Client -> pluginURI: http://calf.sourceforge.net/plugins/Fluidsynth
LV2Client -> socket created
LV2Client -> socket connected
error: failed to open file /usr/lib/lv2/gx_colwah.lv2/manifest.ttl (No such file or directory)
lilv_world_load_file(): error: Error loading file `file:///usr/lib/lv2/gx_colwah.lv2/manifest.ttl'
lilv_world_load_bundle(): error: Error reading file:///usr/lib/lv2/gx_colwah.lv2/manifest.ttl
fluidsynth: warning: SDL2 not initialized, SDL2 audio driver won't be usable
fluidsynth: warning: SDL2 not initialized, SDL2 audio driver won't be usable
LV2Feature_init -> Required features:
    http://lv2plug.in/ns/ext/urid#map
LV2Client -> sending session ID 3
fluidsynth: warning: SDL2 not initialized, SDL2 audio driver won't be usable
Calling configure on soundfont
Loading /home/julian/Documents/soundfonts/PC51f.sf2
sid=1
Calling configure on preset_key_set
Calling configure on preset_key_set2
Calling configure on preset_key_set3
Calling configure on preset_key_set4
Calling configure on preset_key_set5
Calling configure on preset_key_set6
Calling configure on preset_key_set7
Calling configure on preset_key_set8
Calling configure on preset_key_set9
Calling configure on preset_key_set10
Calling configure on preset_key_set11
Calling configure on preset_key_set12
Calling configure on preset_key_set13
Calling configure on preset_key_set14
Calling configure on preset_key_set15
Calling configure on preset_key_set16
LV2Client -> time out
LV2Client -> ended
error
04192022 19:21:39 : Done
